This file contains any messages produced by compilers while
running configure, to aid debugging if configure makes a mistake.

It was created by spider-engine configure 1.1.2, which was
generated by GNU Autoconf 2.63.  Invocation command line was

  $ ./configure 

## --------- ##
## Platform. ##
## --------- ##

hostname = njsvr1
uname -m = x86_64
uname -r = 2.6.18-238.9.1.el5
uname -s = Linux
uname -v = #1 SMP Fri Mar 18 12:42:39 EDT 2011

/usr/bin/uname -p = unknown
/bin/uname -X     = unknown

/bin/arch              = x86_64
/usr/bin/arch -k       = unknown
/usr/convex/getsysinfo = unknown
/usr/bin/hostinfo      = unknown
/bin/machine           = unknown
/usr/bin/oslevel       = unknown
/bin/universe          = unknown

PATH: /usr/bin
PATH: /bin


## ----------- ##
## Core tests. ##
## ----------- ##

configure:1885: checking for a BSD-compatible install
configure:1953: result: /usr/bin/install -c
configure:1964: checking whether build environment is sane
configure:2024: result: yes
configure:2165: checking for a thread-safe mkdir -p
configure:2204: result: /bin/mkdir -p
configure:2217: checking for gawk
configure:2233: found /usr/bin/gawk
configure:2244: result: gawk
configure:2255: checking whether make sets $(MAKE)
configure:2277: result: yes
configure:2412: checking for gcc
configure:2428: found /usr/bin/gcc
configure:2439: result: gcc
configure:2671: checking for C compiler version
configure:2679: gcc --version >&5
gcc (GCC) 4.1.2 20080704 (Red Hat 4.1.2-50)
Copyright (C) 2006 Free Software Foundation, Inc.
This is free software; see the source for copying conditions.  There is NO
warranty; not even for MERCHANTABILITY or FITNESS FOR A PARTICULAR PURPOSE.

configure:2683: $? = 0
configure:2690: gcc -v >&5
Using built-in specs.
Target: x86_64-redhat-linux
Configured with: ../configure --prefix=/usr --mandir=/usr/share/man --infodir=/usr/share/info --enable-shared --enable-threads=posix --enable-checking=release --with-system-zlib --enable-__cxa_atexit --disable-libunwind-exceptions --enable-libgcj-multifile --enable-languages=c,c++,objc,obj-c++,java,fortran,ada --enable-java-awt=gtk --disable-dssi --disable-plugin --with-java-home=/usr/lib/jvm/java-1.4.2-gcj-1.4.2.0/jre --with-cpu=generic --host=x86_64-redhat-linux
Thread model: posix
gcc version 4.1.2 20080704 (Red Hat 4.1.2-50)
configure:2694: $? = 0
configure:2701: gcc -V >&5
gcc: '-V' option must have argument
configure:2705: $? = 1
configure:2728: checking for C compiler default output file name
configure:2750: gcc    conftest.c  >&5
configure:2754: $? = 0
configure:2792: result: a.out
configure:2811: checking whether the C compiler works
configure:2821: ./a.out
configure:2825: $? = 0
configure:2844: result: yes
configure:2851: checking whether we are cross compiling
configure:2853: result: no
configure:2856: checking for suffix of executables
configure:2863: gcc -o conftest    conftest.c  >&5
configure:2867: $? = 0
configure:2893: result: 
configure:2899: checking for suffix of object files
configure:2925: gcc -c   conftest.c >&5
configure:2929: $? = 0
configure:2954: result: o
configure:2958: checking whether we are using the GNU C compiler
configure:2987: gcc -c   conftest.c >&5
configure:2994: $? = 0
configure:3011: result: yes
configure:3020: checking whether gcc accepts -g
configure:3050: gcc -c -g  conftest.c >&5
configure:3057: $? = 0
configure:3158: result: yes
configure:3175: checking for gcc option to accept ISO C89
configure:3249: gcc  -c -g -O2  conftest.c >&5
configure:3256: $? = 0
configure:3279: result: none needed
configure:3308: checking for style of include used by make
configure:3336: result: GNU
configure:3361: checking dependency style of gcc
configure:3471: result: gcc3
configure:3497: checking for dirent.h that defines DIR
configure:3526: gcc -c -g -O2  conftest.c >&5
configure:3533: $? = 0
configure:3550: result: yes
configure:3565: checking for library containing opendir
configure:3606: gcc -o conftest -g -O2   conftest.c  >&5
configure:3613: $? = 0
configure:3644: result: none required
configure:3747: checking how to run the C preprocessor
configure:3787: gcc -E  conftest.c
configure:3794: $? = 0
configure:3825: gcc -E  conftest.c
conftest.c:11:28: error: ac_nonexistent.h: No such file or directory
configure:3832: $? = 1
configure: failed program was:
| /* confdefs.h.  */
| #define PACKAGE_NAME "spider-engine"
| #define PACKAGE_TARNAME "spider-engine"
| #define PACKAGE_VERSION "1.1.2"
| #define PACKAGE_STRING "spider-engine 1.1.2"
| #define PACKAGE_BUGREPORT "nock@email.arizona.edu"
| #define PACKAGE "spider-engine"
| #define VERSION "1.1.2"
| #define HAVE_DIRENT_H 1
| /* end confdefs.h.  */
| #include <ac_nonexistent.h>
configure:3865: result: gcc -E
configure:3894: gcc -E  conftest.c
configure:3901: $? = 0
configure:3932: gcc -E  conftest.c
conftest.c:11:28: error: ac_nonexistent.h: No such file or directory
configure:3939: $? = 1
configure: failed program was:
| /* confdefs.h.  */
| #define PACKAGE_NAME "spider-engine"
| #define PACKAGE_TARNAME "spider-engine"
| #define PACKAGE_VERSION "1.1.2"
| #define PACKAGE_STRING "spider-engine 1.1.2"
| #define PACKAGE_BUGREPORT "nock@email.arizona.edu"
| #define PACKAGE "spider-engine"
| #define VERSION "1.1.2"
| #define HAVE_DIRENT_H 1
| /* end confdefs.h.  */
| #include <ac_nonexistent.h>
configure:3979: checking for grep that handles long lines and -e
configure:4039: result: /bin/grep
configure:4044: checking for egrep
configure:4108: result: /bin/grep -E
configure:4113: checking for ANSI C header files
configure:4143: gcc -c -g -O2  conftest.c >&5
configure:4150: $? = 0
configure:4249: gcc -o conftest -g -O2   conftest.c  >&5
configure:4253: $? = 0
configure:4259: ./conftest
configure:4263: $? = 0
configure:4281: result: yes
configure:4291: checking for sys/wait.h that is POSIX.1 compatible
configure:4327: gcc -c -g -O2  conftest.c >&5
configure:4334: $? = 0
configure:4349: result: yes
configure:4373: checking for sys/types.h
configure:4394: gcc -c -g -O2  conftest.c >&5
configure:4401: $? = 0
configure:4418: result: yes
configure:4373: checking for sys/stat.h
configure:4394: gcc -c -g -O2  conftest.c >&5
configure:4401: $? = 0
configure:4418: result: yes
configure:4373: checking for stdlib.h
configure:4394: gcc -c -g -O2  conftest.c >&5
configure:4401: $? = 0
configure:4418: result: yes
configure:4373: checking for string.h
configure:4394: gcc -c -g -O2  conftest.c >&5
configure:4401: $? = 0
configure:4418: result: yes
configure:4373: checking for memory.h
configure:4394: gcc -c -g -O2  conftest.c >&5
configure:4401: $? = 0
configure:4418: result: yes
configure:4373: checking for strings.h
configure:4394: gcc -c -g -O2  conftest.c >&5
configure:4401: $? = 0
configure:4418: result: yes
configure:4373: checking for inttypes.h
configure:4394: gcc -c -g -O2  conftest.c >&5
configure:4401: $? = 0
configure:4418: result: yes
configure:4373: checking for stdint.h
configure:4394: gcc -c -g -O2  conftest.c >&5
configure:4401: $? = 0
configure:4418: result: yes
configure:4373: checking for unistd.h
configure:4394: gcc -c -g -O2  conftest.c >&5
configure:4401: $? = 0
configure:4418: result: yes
configure:4456: checking fcntl.h usability
configure:4473: gcc -c -g -O2  conftest.c >&5
configure:4480: $? = 0
configure:4494: result: yes
configure:4498: checking fcntl.h presence
configure:4513: gcc -E  conftest.c
configure:4520: $? = 0
configure:4534: result: yes
configure:4567: checking for fcntl.h
configure:4576: result: yes
configure:4445: checking for stdlib.h
configure:4452: result: yes
configure:4445: checking for string.h
configure:4452: result: yes
configure:4445: checking for strings.h
configure:4452: result: yes
configure:4456: checking sys/file.h usability
configure:4473: gcc -c -g -O2  conftest.c >&5
configure:4480: $? = 0
configure:4494: result: yes
configure:4498: checking sys/file.h presence
configure:4513: gcc -E  conftest.c
configure:4520: $? = 0
configure:4534: result: yes
configure:4567: checking for sys/file.h
configure:4576: result: yes
configure:4456: checking sys/time.h usability
configure:4473: gcc -c -g -O2  conftest.c >&5
configure:4480: $? = 0
configure:4494: result: yes
configure:4498: checking sys/time.h presence
configure:4513: gcc -E  conftest.c
configure:4520: $? = 0
configure:4534: result: yes
configure:4567: checking for sys/time.h
configure:4576: result: yes
configure:4456: checking syslog.h usability
configure:4473: gcc -c -g -O2  conftest.c >&5
configure:4480: $? = 0
configure:4494: result: yes
configure:4498: checking syslog.h presence
configure:4513: gcc -E  conftest.c
configure:4520: $? = 0
configure:4534: result: yes
configure:4567: checking for syslog.h
configure:4576: result: yes
configure:4445: checking for unistd.h
configure:4452: result: yes
configure:4456: checking utime.h usability
configure:4473: gcc -c -g -O2  conftest.c >&5
configure:4480: $? = 0
configure:4494: result: yes
configure:4498: checking utime.h presence
configure:4513: gcc -E  conftest.c
configure:4520: $? = 0
configure:4534: result: yes
configure:4567: checking for utime.h
configure:4576: result: yes
configure:4593: checking for an ANSI C-conforming const
configure:4668: gcc -c -g -O2  conftest.c >&5
configure:4675: $? = 0
configure:4690: result: yes
configure:4700: checking for off_t
configure:4728: gcc -c -g -O2  conftest.c >&5
configure:4735: $? = 0
configure:4762: gcc -c -g -O2  conftest.c >&5
conftest.c: In function 'main':
conftest.c:67: error: expected expression before ')' token
configure:4769: $? = 1
configure: failed program was:
| /* confdefs.h.  */
| #define PACKAGE_NAME "spider-engine"
| #define PACKAGE_TARNAME "spider-engine"
| #define PACKAGE_VERSION "1.1.2"
| #define PACKAGE_STRING "spider-engine 1.1.2"
| #define PACKAGE_BUGREPORT "nock@email.arizona.edu"
| #define PACKAGE "spider-engine"
| #define VERSION "1.1.2"
| #define HAVE_DIRENT_H 1
| #define STDC_HEADERS 1
| #define HAVE_SYS_WAIT_H 1
| #define HAVE_SYS_TYPES_H 1
| #define HAVE_SYS_STAT_H 1
| #define HAVE_STDLIB_H 1
| #define HAVE_STRING_H 1
| #define HAVE_MEMORY_H 1
| #define HAVE_STRINGS_H 1
| #define HAVE_INTTYPES_H 1
| #define HAVE_STDINT_H 1
| #define HAVE_UNISTD_H 1
| #define HAVE_FCNTL_H 1
| #define HAVE_STDLIB_H 1
| #define HAVE_STRING_H 1
| #define HAVE_STRINGS_H 1
| #define HAVE_SYS_FILE_H 1
| #define HAVE_SYS_TIME_H 1
| #define HAVE_SYSLOG_H 1
| #define HAVE_UNISTD_H 1
| #define HAVE_UTIME_H 1
| /* end confdefs.h.  */
| #include <stdio.h>
| #ifdef HAVE_SYS_TYPES_H
| # include <sys/types.h>
| #endif
| #ifdef HAVE_SYS_STAT_H
| # include <sys/stat.h>
| #endif
| #ifdef STDC_HEADERS
| # include <stdlib.h>
| # include <stddef.h>
| #else
| # ifdef HAVE_STDLIB_H
| #  include <stdlib.h>
| # endif
| #endif
| #ifdef HAVE_STRING_H
| # if !defined STDC_HEADERS && defined HAVE_MEMORY_H
| #  include <memory.h>
| # endif
| # include <string.h>
| #endif
| #ifdef HAVE_STRINGS_H
| # include <strings.h>
| #endif
| #ifdef HAVE_INTTYPES_H
| # include <inttypes.h>
| #endif
| #ifdef HAVE_STDINT_H
| # include <stdint.h>
| #endif
| #ifdef HAVE_UNISTD_H
| # include <unistd.h>
| #endif
| int
| main ()
| {
| if (sizeof ((off_t)))
| 	  return 0;
|   ;
|   return 0;
| }
configure:4792: result: yes
configure:4804: checking for pid_t
configure:4832: gcc -c -g -O2  conftest.c >&5
configure:4839: $? = 0
configure:4866: gcc -c -g -O2  conftest.c >&5
conftest.c: In function 'main':
conftest.c:67: error: expected expression before ')' token
configure:4873: $? = 1
configure: failed program was:
| /* confdefs.h.  */
| #define PACKAGE_NAME "spider-engine"
| #define PACKAGE_TARNAME "spider-engine"
| #define PACKAGE_VERSION "1.1.2"
| #define PACKAGE_STRING "spider-engine 1.1.2"
| #define PACKAGE_BUGREPORT "nock@email.arizona.edu"
| #define PACKAGE "spider-engine"
| #define VERSION "1.1.2"
| #define HAVE_DIRENT_H 1
| #define STDC_HEADERS 1
| #define HAVE_SYS_WAIT_H 1
| #define HAVE_SYS_TYPES_H 1
| #define HAVE_SYS_STAT_H 1
| #define HAVE_STDLIB_H 1
| #define HAVE_STRING_H 1
| #define HAVE_MEMORY_H 1
| #define HAVE_STRINGS_H 1
| #define HAVE_INTTYPES_H 1
| #define HAVE_STDINT_H 1
| #define HAVE_UNISTD_H 1
| #define HAVE_FCNTL_H 1
| #define HAVE_STDLIB_H 1
| #define HAVE_STRING_H 1
| #define HAVE_STRINGS_H 1
| #define HAVE_SYS_FILE_H 1
| #define HAVE_SYS_TIME_H 1
| #define HAVE_SYSLOG_H 1
| #define HAVE_UNISTD_H 1
| #define HAVE_UTIME_H 1
| /* end confdefs.h.  */
| #include <stdio.h>
| #ifdef HAVE_SYS_TYPES_H
| # include <sys/types.h>
| #endif
| #ifdef HAVE_SYS_STAT_H
| # include <sys/stat.h>
| #endif
| #ifdef STDC_HEADERS
| # include <stdlib.h>
| # include <stddef.h>
| #else
| # ifdef HAVE_STDLIB_H
| #  include <stdlib.h>
| # endif
| #endif
| #ifdef HAVE_STRING_H
| # if !defined STDC_HEADERS && defined HAVE_MEMORY_H
| #  include <memory.h>
| # endif
| # include <string.h>
| #endif
| #ifdef HAVE_STRINGS_H
| # include <strings.h>
| #endif
| #ifdef HAVE_INTTYPES_H
| # include <inttypes.h>
| #endif
| #ifdef HAVE_STDINT_H
| # include <stdint.h>
| #endif
| #ifdef HAVE_UNISTD_H
| # include <unistd.h>
| #endif
| int
| main ()
| {
| if (sizeof ((pid_t)))
| 	  return 0;
|   ;
|   return 0;
| }
configure:4896: result: yes
configure:4908: checking for size_t
configure:4936: gcc -c -g -O2  conftest.c >&5
configure:4943: $? = 0
configure:4970: gcc -c -g -O2  conftest.c >&5
conftest.c: In function 'main':
conftest.c:67: error: expected expression before ')' token
configure:4977: $? = 1
configure: failed program was:
| /* confdefs.h.  */
| #define PACKAGE_NAME "spider-engine"
| #define PACKAGE_TARNAME "spider-engine"
| #define PACKAGE_VERSION "1.1.2"
| #define PACKAGE_STRING "spider-engine 1.1.2"
| #define PACKAGE_BUGREPORT "nock@email.arizona.edu"
| #define PACKAGE "spider-engine"
| #define VERSION "1.1.2"
| #define HAVE_DIRENT_H 1
| #define STDC_HEADERS 1
| #define HAVE_SYS_WAIT_H 1
| #define HAVE_SYS_TYPES_H 1
| #define HAVE_SYS_STAT_H 1
| #define HAVE_STDLIB_H 1
| #define HAVE_STRING_H 1
| #define HAVE_MEMORY_H 1
| #define HAVE_STRINGS_H 1
| #define HAVE_INTTYPES_H 1
| #define HAVE_STDINT_H 1
| #define HAVE_UNISTD_H 1
| #define HAVE_FCNTL_H 1
| #define HAVE_STDLIB_H 1
| #define HAVE_STRING_H 1
| #define HAVE_STRINGS_H 1
| #define HAVE_SYS_FILE_H 1
| #define HAVE_SYS_TIME_H 1
| #define HAVE_SYSLOG_H 1
| #define HAVE_UNISTD_H 1
| #define HAVE_UTIME_H 1
| /* end confdefs.h.  */
| #include <stdio.h>
| #ifdef HAVE_SYS_TYPES_H
| # include <sys/types.h>
| #endif
| #ifdef HAVE_SYS_STAT_H
| # include <sys/stat.h>
| #endif
| #ifdef STDC_HEADERS
| # include <stdlib.h>
| # include <stddef.h>
| #else
| # ifdef HAVE_STDLIB_H
| #  include <stdlib.h>
| # endif
| #endif
| #ifdef HAVE_STRING_H
| # if !defined STDC_HEADERS && defined HAVE_MEMORY_H
| #  include <memory.h>
| # endif
| # include <string.h>
| #endif
| #ifdef HAVE_STRINGS_H
| # include <strings.h>
| #endif
| #ifdef HAVE_INTTYPES_H
| # include <inttypes.h>
| #endif
| #ifdef HAVE_STDINT_H
| # include <stdint.h>
| #endif
| #ifdef HAVE_UNISTD_H
| # include <unistd.h>
| #endif
| int
| main ()
| {
| if (sizeof ((size_t)))
| 	  return 0;
|   ;
|   return 0;
| }
configure:5000: result: yes
configure:5012: checking whether time.h and sys/time.h may both be included
configure:5042: gcc -c -g -O2  conftest.c >&5
configure:5049: $? = 0
configure:5064: result: yes
configure:5074: checking whether struct tm is in sys/time.h or time.h
configure:5104: gcc -c -g -O2  conftest.c >&5
configure:5111: $? = 0
configure:5126: result: time.h
configure:5136: checking for stdbool.h that conforms to C99
configure:5231: gcc -c -g -O2  conftest.c >&5
configure:5238: $? = 0
configure:5253: result: yes
configure:5255: checking for _Bool
configure:5283: gcc -c -g -O2  conftest.c >&5
configure:5290: $? = 0
configure:5317: gcc -c -g -O2  conftest.c >&5
conftest.c: In function 'main':
conftest.c:68: error: expected expression before ')' token
configure:5324: $? = 1
configure: failed program was:
| /* confdefs.h.  */
| #define PACKAGE_NAME "spider-engine"
| #define PACKAGE_TARNAME "spider-engine"
| #define PACKAGE_VERSION "1.1.2"
| #define PACKAGE_STRING "spider-engine 1.1.2"
| #define PACKAGE_BUGREPORT "nock@email.arizona.edu"
| #define PACKAGE "spider-engine"
| #define VERSION "1.1.2"
| #define HAVE_DIRENT_H 1
| #define STDC_HEADERS 1
| #define HAVE_SYS_WAIT_H 1
| #define HAVE_SYS_TYPES_H 1
| #define HAVE_SYS_STAT_H 1
| #define HAVE_STDLIB_H 1
| #define HAVE_STRING_H 1
| #define HAVE_MEMORY_H 1
| #define HAVE_STRINGS_H 1
| #define HAVE_INTTYPES_H 1
| #define HAVE_STDINT_H 1
| #define HAVE_UNISTD_H 1
| #define HAVE_FCNTL_H 1
| #define HAVE_STDLIB_H 1
| #define HAVE_STRING_H 1
| #define HAVE_STRINGS_H 1
| #define HAVE_SYS_FILE_H 1
| #define HAVE_SYS_TIME_H 1
| #define HAVE_SYSLOG_H 1
| #define HAVE_UNISTD_H 1
| #define HAVE_UTIME_H 1
| #define TIME_WITH_SYS_TIME 1
| /* end confdefs.h.  */
| #include <stdio.h>
| #ifdef HAVE_SYS_TYPES_H
| # include <sys/types.h>
| #endif
| #ifdef HAVE_SYS_STAT_H
| # include <sys/stat.h>
| #endif
| #ifdef STDC_HEADERS
| # include <stdlib.h>
| # include <stddef.h>
| #else
| # ifdef HAVE_STDLIB_H
| #  include <stdlib.h>
| # endif
| #endif
| #ifdef HAVE_STRING_H
| # if !defined STDC_HEADERS && defined HAVE_MEMORY_H
| #  include <memory.h>
| # endif
| # include <string.h>
| #endif
| #ifdef HAVE_STRINGS_H
| # include <strings.h>
| #endif
| #ifdef HAVE_INTTYPES_H
| # include <inttypes.h>
| #endif
| #ifdef HAVE_STDINT_H
| # include <stdint.h>
| #endif
| #ifdef HAVE_UNISTD_H
| # include <unistd.h>
| #endif
| int
| main ()
| {
| if (sizeof ((_Bool)))
| 	  return 0;
|   ;
|   return 0;
| }
configure:5347: result: yes
configure:5368: checking whether closedir returns void
configure:5402: gcc -o conftest -g -O2   conftest.c  >&5
configure:5406: $? = 0
configure:5412: ./conftest
configure:5416: $? = 0
configure:5433: result: no
configure:5443: checking whether lstat dereferences a symlink specified with a trailing slash
configure:5479: gcc -o conftest -g -O2   conftest.c  >&5
configure:5483: $? = 0
configure:5489: ./conftest
configure:5493: $? = 0
configure:5517: result: yes
configure:5536: checking whether lstat accepts an empty string
configure:5566: gcc -o conftest -g -O2   conftest.c  >&5
configure:5570: $? = 0
configure:5576: ./conftest
configure:5580: $? = 0
configure:5597: result: no
configure:5613: checking whether lstat dereferences a symlink specified with a trailing slash
configure:5687: result: yes
configure:5711: checking for stdlib.h
configure:5718: result: yes
configure:5857: checking for GNU libc compatible malloc
configure:5891: gcc -o conftest -g -O2   conftest.c  >&5
configure:5895: $? = 0
configure:5901: ./conftest
configure:5905: $? = 0
configure:5922: result: yes
configure:5955: checking for stdlib.h
configure:5962: result: yes
configure:6101: checking for GNU libc compatible realloc
configure:6135: gcc -o conftest -g -O2   conftest.c  >&5
configure:6139: $? = 0
configure:6145: ./conftest
configure:6149: $? = 0
configure:6166: result: yes
configure:6194: checking whether stat accepts an empty string
configure:6224: gcc -o conftest -g -O2   conftest.c  >&5
configure:6228: $? = 0
configure:6234: ./conftest
configure:6238: $? = 0
configure:6255: result: no
configure:6275: checking for strftime
configure:6331: gcc -o conftest -g -O2   conftest.c  >&5
conftest.c:63: warning: conflicting types for built-in function 'strftime'
configure:6338: $? = 0
configure:6360: result: yes
configure:6459: checking for bzero
configure:6515: gcc -o conftest -g -O2   conftest.c  >&5
conftest.c:64: warning: conflicting types for built-in function 'bzero'
configure:6522: $? = 0
configure:6544: result: yes
configure:6459: checking for ftruncate
configure:6515: gcc -o conftest -g -O2   conftest.c  >&5
configure:6522: $? = 0
configure:6544: result: yes
configure:6459: checking for gethostname
configure:6515: gcc -o conftest -g -O2   conftest.c  >&5
configure:6522: $? = 0
configure:6544: result: yes
configure:6459: checking for pow
configure:6515: gcc -o conftest -g -O2   conftest.c  >&5
conftest.c:67: warning: conflicting types for built-in function 'pow'
/tmp/ccAM5FGX.o: In function `main':
/home/swilliam/spider_sql/multi-threaded/conftest.c:78: undefined reference to `pow'
collect2: ld returned 1 exit status
configure:6522: $? = 1
configure: failed program was:
| /* confdefs.h.  */
| #define PACKAGE_NAME "spider-engine"
| #define PACKAGE_TARNAME "spider-engine"
| #define PACKAGE_VERSION "1.1.2"
| #define PACKAGE_STRING "spider-engine 1.1.2"
| #define PACKAGE_BUGREPORT "nock@email.arizona.edu"
| #define PACKAGE "spider-engine"
| #define VERSION "1.1.2"
| #define HAVE_DIRENT_H 1
| #define STDC_HEADERS 1
| #define HAVE_SYS_WAIT_H 1
| #define HAVE_SYS_TYPES_H 1
| #define HAVE_SYS_STAT_H 1
| #define HAVE_STDLIB_H 1
| #define HAVE_STRING_H 1
| #define HAVE_MEMORY_H 1
| #define HAVE_STRINGS_H 1
| #define HAVE_INTTYPES_H 1
| #define HAVE_STDINT_H 1
| #define HAVE_UNISTD_H 1
| #define HAVE_FCNTL_H 1
| #define HAVE_STDLIB_H 1
| #define HAVE_STRING_H 1
| #define HAVE_STRINGS_H 1
| #define HAVE_SYS_FILE_H 1
| #define HAVE_SYS_TIME_H 1
| #define HAVE_SYSLOG_H 1
| #define HAVE_UNISTD_H 1
| #define HAVE_UTIME_H 1
| #define TIME_WITH_SYS_TIME 1
| #define HAVE__BOOL 1
| #define HAVE_STDBOOL_H 1
| #define LSTAT_FOLLOWS_SLASHED_SYMLINK 1
| #define LSTAT_FOLLOWS_SLASHED_SYMLINK 1
| #define HAVE_STDLIB_H 1
| #define HAVE_MALLOC 1
| #define HAVE_STDLIB_H 1
| #define HAVE_REALLOC 1
| #define HAVE_STRFTIME 1
| #define HAVE_BZERO 1
| #define HAVE_FTRUNCATE 1
| #define HAVE_GETHOSTNAME 1
| /* end confdefs.h.  */
| /* Define pow to an innocuous variant, in case <limits.h> declares pow.
|    For example, HP-UX 11i <limits.h> declares gettimeofday.  */
| #define pow innocuous_pow
| 
| /* System header to define __stub macros and hopefully few prototypes,
|     which can conflict with char pow (); below.
|     Prefer <limits.h> to <assert.h> if __STDC__ is defined, since
|     <limits.h> exists even on freestanding compilers.  */
| 
| #ifdef __STDC__
| # include <limits.h>
| #else
| # include <assert.h>
| #endif
| 
| #undef pow
| 
| /* Override any GCC internal prototype to avoid an error.
|    Use char because int might match the return type of a GCC
|    builtin and then its argument prototype would still apply.  */
| #ifdef __cplusplus
| extern "C"
| #endif
| char pow ();
| /* The GNU C library defines this for functions which it implements
|     to always fail with ENOSYS.  Some functions are actually named
|     something starting with __ and the normal name is an alias.  */
| #if defined __stub_pow || defined __stub___pow
| choke me
| #endif
| 
| int
| main ()
| {
| return pow ();
|   ;
|   return 0;
| }
configure:6544: result: no
configure:6459: checking for regcomp
configure:6515: gcc -o conftest -g -O2   conftest.c  >&5
configure:6522: $? = 0
configure:6544: result: yes
configure:6459: checking for strcasecmp
configure:6515: gcc -o conftest -g -O2   conftest.c  >&5
conftest.c:68: warning: conflicting types for built-in function 'strcasecmp'
configure:6522: $? = 0
configure:6544: result: yes
configure:6459: checking for strerror
configure:6515: gcc -o conftest -g -O2   conftest.c  >&5
configure:6522: $? = 0
configure:6544: result: yes
configure:6459: checking for strrchr
configure:6515: gcc -o conftest -g -O2   conftest.c  >&5
conftest.c:70: warning: conflicting types for built-in function 'strrchr'
configure:6522: $? = 0
configure:6544: result: yes
configure:6459: checking for strstr
configure:6515: gcc -o conftest -g -O2   conftest.c  >&5
conftest.c:71: warning: conflicting types for built-in function 'strstr'
configure:6522: $? = 0
configure:6544: result: yes
configure:6801: checking for BZ2_bzopen in -lbz2
configure:6836: gcc -o conftest -g -O2   conftest.c -lbz2   >&5
/usr/bin/ld: cannot find -lbz2
collect2: ld returned 1 exit status
configure:6843: $? = 1
configure: failed program was:
| /* confdefs.h.  */
| #define PACKAGE_NAME "spider-engine"
| #define PACKAGE_TARNAME "spider-engine"
| #define PACKAGE_VERSION "1.1.2"
| #define PACKAGE_STRING "spider-engine 1.1.2"
| #define PACKAGE_BUGREPORT "nock@email.arizona.edu"
| #define PACKAGE "spider-engine"
| #define VERSION "1.1.2"
| #define HAVE_DIRENT_H 1
| #define STDC_HEADERS 1
| #define HAVE_SYS_WAIT_H 1
| #define HAVE_SYS_TYPES_H 1
| #define HAVE_SYS_STAT_H 1
| #define HAVE_STDLIB_H 1
| #define HAVE_STRING_H 1
| #define HAVE_MEMORY_H 1
| #define HAVE_STRINGS_H 1
| #define HAVE_INTTYPES_H 1
| #define HAVE_STDINT_H 1
| #define HAVE_UNISTD_H 1
| #define HAVE_FCNTL_H 1
| #define HAVE_STDLIB_H 1
| #define HAVE_STRING_H 1
| #define HAVE_STRINGS_H 1
| #define HAVE_SYS_FILE_H 1
| #define HAVE_SYS_TIME_H 1
| #define HAVE_SYSLOG_H 1
| #define HAVE_UNISTD_H 1
| #define HAVE_UTIME_H 1
| #define TIME_WITH_SYS_TIME 1
| #define HAVE__BOOL 1
| #define HAVE_STDBOOL_H 1
| #define LSTAT_FOLLOWS_SLASHED_SYMLINK 1
| #define LSTAT_FOLLOWS_SLASHED_SYMLINK 1
| #define HAVE_STDLIB_H 1
| #define HAVE_MALLOC 1
| #define HAVE_STDLIB_H 1
| #define HAVE_REALLOC 1
| #define HAVE_STRFTIME 1
| #define HAVE_BZERO 1
| #define HAVE_FTRUNCATE 1
| #define HAVE_GETHOSTNAME 1
| #define HAVE_REGCOMP 1
| #define HAVE_STRCASECMP 1
| #define HAVE_STRERROR 1
| #define HAVE_STRRCHR 1
| #define HAVE_STRSTR 1
| /* end confdefs.h.  */
| 
| /* Override any GCC internal prototype to avoid an error.
|    Use char because int might match the return type of a GCC
|    builtin and then its argument prototype would still apply.  */
| #ifdef __cplusplus
| extern "C"
| #endif
| char BZ2_bzopen ();
| int
| main ()
| {
| return BZ2_bzopen ();
|   ;
|   return 0;
| }
configure:6864: result: no
configure:6874: WARNING: Cannot locate libbz2; scanning bzip2 files disabled
configure:6888: checking bzlib.h usability
configure:6905: gcc -c -g -O2  conftest.c >&5
conftest.c:82:19: error: bzlib.h: No such file or directory
configure:6912: $? = 1
configure: failed program was:
| /* confdefs.h.  */
| #define PACKAGE_NAME "spider-engine"
| #define PACKAGE_TARNAME "spider-engine"
| #define PACKAGE_VERSION "1.1.2"
| #define PACKAGE_STRING "spider-engine 1.1.2"
| #define PACKAGE_BUGREPORT "nock@email.arizona.edu"
| #define PACKAGE "spider-engine"
| #define VERSION "1.1.2"
| #define HAVE_DIRENT_H 1
| #define STDC_HEADERS 1
| #define HAVE_SYS_WAIT_H 1
| #define HAVE_SYS_TYPES_H 1
| #define HAVE_SYS_STAT_H 1
| #define HAVE_STDLIB_H 1
| #define HAVE_STRING_H 1
| #define HAVE_MEMORY_H 1
| #define HAVE_STRINGS_H 1
| #define HAVE_INTTYPES_H 1
| #define HAVE_STDINT_H 1
| #define HAVE_UNISTD_H 1
| #define HAVE_FCNTL_H 1
| #define HAVE_STDLIB_H 1
| #define HAVE_STRING_H 1
| #define HAVE_STRINGS_H 1
| #define HAVE_SYS_FILE_H 1
| #define HAVE_SYS_TIME_H 1
| #define HAVE_SYSLOG_H 1
| #define HAVE_UNISTD_H 1
| #define HAVE_UTIME_H 1
| #define TIME_WITH_SYS_TIME 1
| #define HAVE__BOOL 1
| #define HAVE_STDBOOL_H 1
| #define LSTAT_FOLLOWS_SLASHED_SYMLINK 1
| #define LSTAT_FOLLOWS_SLASHED_SYMLINK 1
| #define HAVE_STDLIB_H 1
| #define HAVE_MALLOC 1
| #define HAVE_STDLIB_H 1
| #define HAVE_REALLOC 1
| #define HAVE_STRFTIME 1
| #define HAVE_BZERO 1
| #define HAVE_FTRUNCATE 1
| #define HAVE_GETHOSTNAME 1
| #define HAVE_REGCOMP 1
| #define HAVE_STRCASECMP 1
| #define HAVE_STRERROR 1
| #define HAVE_STRRCHR 1
| #define HAVE_STRSTR 1
| /* end confdefs.h.  */
| #include <stdio.h>
| #ifdef HAVE_SYS_TYPES_H
| # include <sys/types.h>
| #endif
| #ifdef HAVE_SYS_STAT_H
| # include <sys/stat.h>
| #endif
| #ifdef STDC_HEADERS
| # include <stdlib.h>
| # include <stddef.h>
| #else
| # ifdef HAVE_STDLIB_H
| #  include <stdlib.h>
| # endif
| #endif
| #ifdef HAVE_STRING_H
| # if !defined STDC_HEADERS && defined HAVE_MEMORY_H
| #  include <memory.h>
| # endif
| # include <string.h>
| #endif
| #ifdef HAVE_STRINGS_H
| # include <strings.h>
| #endif
| #ifdef HAVE_INTTYPES_H
| # include <inttypes.h>
| #endif
| #ifdef HAVE_STDINT_H
| # include <stdint.h>
| #endif
| #ifdef HAVE_UNISTD_H
| # include <unistd.h>
| #endif
| #include <bzlib.h>
configure:6926: result: no
configure:6930: checking bzlib.h presence
configure:6945: gcc -E  conftest.c
conftest.c:49:19: error: bzlib.h: No such file or directory
configure:6952: $? = 1
configure: failed program was:
| /* confdefs.h.  */
| #define PACKAGE_NAME "spider-engine"
| #define PACKAGE_TARNAME "spider-engine"
| #define PACKAGE_VERSION "1.1.2"
| #define PACKAGE_STRING "spider-engine 1.1.2"
| #define PACKAGE_BUGREPORT "nock@email.arizona.edu"
| #define PACKAGE "spider-engine"
| #define VERSION "1.1.2"
| #define HAVE_DIRENT_H 1
| #define STDC_HEADERS 1
| #define HAVE_SYS_WAIT_H 1
| #define HAVE_SYS_TYPES_H 1
| #define HAVE_SYS_STAT_H 1
| #define HAVE_STDLIB_H 1
| #define HAVE_STRING_H 1
| #define HAVE_MEMORY_H 1
| #define HAVE_STRINGS_H 1
| #define HAVE_INTTYPES_H 1
| #define HAVE_STDINT_H 1
| #define HAVE_UNISTD_H 1
| #define HAVE_FCNTL_H 1
| #define HAVE_STDLIB_H 1
| #define HAVE_STRING_H 1
| #define HAVE_STRINGS_H 1
| #define HAVE_SYS_FILE_H 1
| #define HAVE_SYS_TIME_H 1
| #define HAVE_SYSLOG_H 1
| #define HAVE_UNISTD_H 1
| #define HAVE_UTIME_H 1
| #define TIME_WITH_SYS_TIME 1
| #define HAVE__BOOL 1
| #define HAVE_STDBOOL_H 1
| #define LSTAT_FOLLOWS_SLASHED_SYMLINK 1
| #define LSTAT_FOLLOWS_SLASHED_SYMLINK 1
| #define HAVE_STDLIB_H 1
| #define HAVE_MALLOC 1
| #define HAVE_STDLIB_H 1
| #define HAVE_REALLOC 1
| #define HAVE_STRFTIME 1
| #define HAVE_BZERO 1
| #define HAVE_FTRUNCATE 1
| #define HAVE_GETHOSTNAME 1
| #define HAVE_REGCOMP 1
| #define HAVE_STRCASECMP 1
| #define HAVE_STRERROR 1
| #define HAVE_STRRCHR 1
| #define HAVE_STRSTR 1
| /* end confdefs.h.  */
| #include <bzlib.h>
configure:6966: result: no
configure:6999: checking for bzlib.h
configure:7006: result: no
configure:7013: WARNING: Cannot locate bzip2 header; install bzip2-devel?
configure:7021: checking for SSLeay in -lcrypto
configure:7056: gcc -o conftest -g -O2   conftest.c -lcrypto   >&5
configure:7063: $? = 0
configure:7084: result: yes
configure:7101: checking for main in -ldl
configure:7130: gcc -o conftest -g -O2   conftest.c -ldl  -lcrypto  >&5
configure:7137: $? = 0
configure:7158: result: yes
configure:7171: checking for XML_ParserReset in -lexpat
configure:7206: gcc -o conftest -g -O2   conftest.c -lexpat  -ldl -lcrypto  >&5
configure:7213: $? = 0
configure:7234: result: yes
configure:7251: checking for exp in -lm
configure:7286: gcc -o conftest -g -O2   conftest.c -lm  -lexpat -ldl -lcrypto  >&5
conftest.c:59: warning: conflicting types for built-in function 'exp'
configure:7293: $? = 0
configure:7314: result: yes
configure:7331: checking for pcre_config in -lpcre
configure:7366: gcc -o conftest -g -O2   conftest.c -lpcre  -lm -lexpat -ldl -lcrypto  >&5
configure:7373: $? = 0
configure:7394: result: yes
configure:7411: checking for main in -lssl
configure:7440: gcc -o conftest -g -O2   conftest.c -lssl  -lpcre -lm -lexpat -ldl -lcrypto  >&5
configure:7447: $? = 0
configure:7468: result: yes
configure:7712: checking for gzopen in -lz
configure:7747: gcc -o conftest -g -O2   conftest.c -lz  -lssl -lpcre -lm -lexpat -ldl -lcrypto  >&5
configure:7754: $? = 0
configure:7775: result: yes
configure:7799: checking zlib.h usability
configure:7816: gcc -c -g -O2  conftest.c >&5
configure:7823: $? = 0
configure:7837: result: yes
configure:7841: checking zlib.h presence
configure:7856: gcc -E  conftest.c
configure:7863: $? = 0
configure:7877: result: yes
configure:7910: checking for zlib.h
configure:7917: result: yes
configure:8159: checking for magic_file in -lmagic
configure:8194: gcc -o conftest -g -O2   conftest.c -lmagic  -lz -lssl -lpcre -lm -lexpat -ldl -lcrypto  >&5
configure:8201: $? = 0
configure:8222: result: yes
configure:8246: checking magic.h usability
configure:8263: gcc -c -g -O2  conftest.c >&5
configure:8270: $? = 0
configure:8284: result: yes
configure:8288: checking magic.h presence
configure:8303: gcc -E  conftest.c
configure:8310: $? = 0
configure:8324: result: yes
configure:8357: checking for magic.h
configure:8364: result: yes
configure:8608: checking for zzip_dir_open in -lzzip
configure:8643: gcc -o conftest -g -O2   conftest.c -lzzip  -lmagic -lz -lssl -lpcre -lm -lexpat -ldl -lcrypto  >&5
/usr/bin/ld: cannot find -lzzip
collect2: ld returned 1 exit status
configure:8650: $? = 1
configure: failed program was:
| /* confdefs.h.  */
| #define PACKAGE_NAME "spider-engine"
| #define PACKAGE_TARNAME "spider-engine"
| #define PACKAGE_VERSION "1.1.2"
| #define PACKAGE_STRING "spider-engine 1.1.2"
| #define PACKAGE_BUGREPORT "nock@email.arizona.edu"
| #define PACKAGE "spider-engine"
| #define VERSION "1.1.2"
| #define HAVE_DIRENT_H 1
| #define STDC_HEADERS 1
| #define HAVE_SYS_WAIT_H 1
| #define HAVE_SYS_TYPES_H 1
| #define HAVE_SYS_STAT_H 1
| #define HAVE_STDLIB_H 1
| #define HAVE_STRING_H 1
| #define HAVE_MEMORY_H 1
| #define HAVE_STRINGS_H 1
| #define HAVE_INTTYPES_H 1
| #define HAVE_STDINT_H 1
| #define HAVE_UNISTD_H 1
| #define HAVE_FCNTL_H 1
| #define HAVE_STDLIB_H 1
| #define HAVE_STRING_H 1
| #define HAVE_STRINGS_H 1
| #define HAVE_SYS_FILE_H 1
| #define HAVE_SYS_TIME_H 1
| #define HAVE_SYSLOG_H 1
| #define HAVE_UNISTD_H 1
| #define HAVE_UTIME_H 1
| #define TIME_WITH_SYS_TIME 1
| #define HAVE__BOOL 1
| #define HAVE_STDBOOL_H 1
| #define LSTAT_FOLLOWS_SLASHED_SYMLINK 1
| #define LSTAT_FOLLOWS_SLASHED_SYMLINK 1
| #define HAVE_STDLIB_H 1
| #define HAVE_MALLOC 1
| #define HAVE_STDLIB_H 1
| #define HAVE_REALLOC 1
| #define HAVE_STRFTIME 1
| #define HAVE_BZERO 1
| #define HAVE_FTRUNCATE 1
| #define HAVE_GETHOSTNAME 1
| #define HAVE_REGCOMP 1
| #define HAVE_STRCASECMP 1
| #define HAVE_STRERROR 1
| #define HAVE_STRRCHR 1
| #define HAVE_STRSTR 1
| #define HAVE_LIBCRYPTO 1
| #define HAVE_LIBDL 1
| #define HAVE_LIBEXPAT 1
| #define HAVE_LIBM 1
| #define HAVE_LIBPCRE 1
| #define HAVE_LIBSSL 1
| #define HAVE_LIBZ 1
| #define HAVE_LIBMAGIC 1
| /* end confdefs.h.  */
| 
| /* Override any GCC internal prototype to avoid an error.
|    Use char because int might match the return type of a GCC
|    builtin and then its argument prototype would still apply.  */
| #ifdef __cplusplus
| extern "C"
| #endif
| char zzip_dir_open ();
| int
| main ()
| {
| return zzip_dir_open ();
|   ;
|   return 0;
| }
configure:8671: result: no
configure:8681: WARNING: Cannot locate zzip; Scanning zip files disabled
configure:8695: checking zzip.h usability
configure:8712: gcc -c -g -O2  conftest.c >&5
conftest.c:90:18: error: zzip.h: No such file or directory
configure:8719: $? = 1
configure: failed program was:
| /* confdefs.h.  */
| #define PACKAGE_NAME "spider-engine"
| #define PACKAGE_TARNAME "spider-engine"
| #define PACKAGE_VERSION "1.1.2"
| #define PACKAGE_STRING "spider-engine 1.1.2"
| #define PACKAGE_BUGREPORT "nock@email.arizona.edu"
| #define PACKAGE "spider-engine"
| #define VERSION "1.1.2"
| #define HAVE_DIRENT_H 1
| #define STDC_HEADERS 1
| #define HAVE_SYS_WAIT_H 1
| #define HAVE_SYS_TYPES_H 1
| #define HAVE_SYS_STAT_H 1
| #define HAVE_STDLIB_H 1
| #define HAVE_STRING_H 1
| #define HAVE_MEMORY_H 1
| #define HAVE_STRINGS_H 1
| #define HAVE_INTTYPES_H 1
| #define HAVE_STDINT_H 1
| #define HAVE_UNISTD_H 1
| #define HAVE_FCNTL_H 1
| #define HAVE_STDLIB_H 1
| #define HAVE_STRING_H 1
| #define HAVE_STRINGS_H 1
| #define HAVE_SYS_FILE_H 1
| #define HAVE_SYS_TIME_H 1
| #define HAVE_SYSLOG_H 1
| #define HAVE_UNISTD_H 1
| #define HAVE_UTIME_H 1
| #define TIME_WITH_SYS_TIME 1
| #define HAVE__BOOL 1
| #define HAVE_STDBOOL_H 1
| #define LSTAT_FOLLOWS_SLASHED_SYMLINK 1
| #define LSTAT_FOLLOWS_SLASHED_SYMLINK 1
| #define HAVE_STDLIB_H 1
| #define HAVE_MALLOC 1
| #define HAVE_STDLIB_H 1
| #define HAVE_REALLOC 1
| #define HAVE_STRFTIME 1
| #define HAVE_BZERO 1
| #define HAVE_FTRUNCATE 1
| #define HAVE_GETHOSTNAME 1
| #define HAVE_REGCOMP 1
| #define HAVE_STRCASECMP 1
| #define HAVE_STRERROR 1
| #define HAVE_STRRCHR 1
| #define HAVE_STRSTR 1
| #define HAVE_LIBCRYPTO 1
| #define HAVE_LIBDL 1
| #define HAVE_LIBEXPAT 1
| #define HAVE_LIBM 1
| #define HAVE_LIBPCRE 1
| #define HAVE_LIBSSL 1
| #define HAVE_LIBZ 1
| #define HAVE_LIBMAGIC 1
| /* end confdefs.h.  */
| #include <stdio.h>
| #ifdef HAVE_SYS_TYPES_H
| # include <sys/types.h>
| #endif
| #ifdef HAVE_SYS_STAT_H
| # include <sys/stat.h>
| #endif
| #ifdef STDC_HEADERS
| # include <stdlib.h>
| # include <stddef.h>
| #else
| # ifdef HAVE_STDLIB_H
| #  include <stdlib.h>
| # endif
| #endif
| #ifdef HAVE_STRING_H
| # if !defined STDC_HEADERS && defined HAVE_MEMORY_H
| #  include <memory.h>
| # endif
| # include <string.h>
| #endif
| #ifdef HAVE_STRINGS_H
| # include <strings.h>
| #endif
| #ifdef HAVE_INTTYPES_H
| # include <inttypes.h>
| #endif
| #ifdef HAVE_STDINT_H
| # include <stdint.h>
| #endif
| #ifdef HAVE_UNISTD_H
| # include <unistd.h>
| #endif
| #include <zzip.h>
configure:8733: result: no
configure:8737: checking zzip.h presence
configure:8752: gcc -E  conftest.c
conftest.c:57:18: error: zzip.h: No such file or directory
configure:8759: $? = 1
configure: failed program was:
| /* confdefs.h.  */
| #define PACKAGE_NAME "spider-engine"
| #define PACKAGE_TARNAME "spider-engine"
| #define PACKAGE_VERSION "1.1.2"
| #define PACKAGE_STRING "spider-engine 1.1.2"
| #define PACKAGE_BUGREPORT "nock@email.arizona.edu"
| #define PACKAGE "spider-engine"
| #define VERSION "1.1.2"
| #define HAVE_DIRENT_H 1
| #define STDC_HEADERS 1
| #define HAVE_SYS_WAIT_H 1
| #define HAVE_SYS_TYPES_H 1
| #define HAVE_SYS_STAT_H 1
| #define HAVE_STDLIB_H 1
| #define HAVE_STRING_H 1
| #define HAVE_MEMORY_H 1
| #define HAVE_STRINGS_H 1
| #define HAVE_INTTYPES_H 1
| #define HAVE_STDINT_H 1
| #define HAVE_UNISTD_H 1
| #define HAVE_FCNTL_H 1
| #define HAVE_STDLIB_H 1
| #define HAVE_STRING_H 1
| #define HAVE_STRINGS_H 1
| #define HAVE_SYS_FILE_H 1
| #define HAVE_SYS_TIME_H 1
| #define HAVE_SYSLOG_H 1
| #define HAVE_UNISTD_H 1
| #define HAVE_UTIME_H 1
| #define TIME_WITH_SYS_TIME 1
| #define HAVE__BOOL 1
| #define HAVE_STDBOOL_H 1
| #define LSTAT_FOLLOWS_SLASHED_SYMLINK 1
| #define LSTAT_FOLLOWS_SLASHED_SYMLINK 1
| #define HAVE_STDLIB_H 1
| #define HAVE_MALLOC 1
| #define HAVE_STDLIB_H 1
| #define HAVE_REALLOC 1
| #define HAVE_STRFTIME 1
| #define HAVE_BZERO 1
| #define HAVE_FTRUNCATE 1
| #define HAVE_GETHOSTNAME 1
| #define HAVE_REGCOMP 1
| #define HAVE_STRCASECMP 1
| #define HAVE_STRERROR 1
| #define HAVE_STRRCHR 1
| #define HAVE_STRSTR 1
| #define HAVE_LIBCRYPTO 1
| #define HAVE_LIBDL 1
| #define HAVE_LIBEXPAT 1
| #define HAVE_LIBM 1
| #define HAVE_LIBPCRE 1
| #define HAVE_LIBSSL 1
| #define HAVE_LIBZ 1
| #define HAVE_LIBMAGIC 1
| /* end confdefs.h.  */
| #include <zzip.h>
configure:8773: result: no
configure:8806: checking for zzip.h
configure:8813: result: no
configure:8820: WARNING: Cannot locate libzzip headers
configure:9055: checking for zip_open in -lzip
configure:9090: gcc -o conftest -g -O2   conftest.c -lzip  -lmagic -lz -lssl -lpcre -lm -lexpat -ldl -lcrypto  >&5
/usr/bin/ld: cannot find -lzip
collect2: ld returned 1 exit status
configure:9097: $? = 1
configure: failed program was:
| /* confdefs.h.  */
| #define PACKAGE_NAME "spider-engine"
| #define PACKAGE_TARNAME "spider-engine"
| #define PACKAGE_VERSION "1.1.2"
| #define PACKAGE_STRING "spider-engine 1.1.2"
| #define PACKAGE_BUGREPORT "nock@email.arizona.edu"
| #define PACKAGE "spider-engine"
| #define VERSION "1.1.2"
| #define HAVE_DIRENT_H 1
| #define STDC_HEADERS 1
| #define HAVE_SYS_WAIT_H 1
| #define HAVE_SYS_TYPES_H 1
| #define HAVE_SYS_STAT_H 1
| #define HAVE_STDLIB_H 1
| #define HAVE_STRING_H 1
| #define HAVE_MEMORY_H 1
| #define HAVE_STRINGS_H 1
| #define HAVE_INTTYPES_H 1
| #define HAVE_STDINT_H 1
| #define HAVE_UNISTD_H 1
| #define HAVE_FCNTL_H 1
| #define HAVE_STDLIB_H 1
| #define HAVE_STRING_H 1
| #define HAVE_STRINGS_H 1
| #define HAVE_SYS_FILE_H 1
| #define HAVE_SYS_TIME_H 1
| #define HAVE_SYSLOG_H 1
| #define HAVE_UNISTD_H 1
| #define HAVE_UTIME_H 1
| #define TIME_WITH_SYS_TIME 1
| #define HAVE__BOOL 1
| #define HAVE_STDBOOL_H 1
| #define LSTAT_FOLLOWS_SLASHED_SYMLINK 1
| #define LSTAT_FOLLOWS_SLASHED_SYMLINK 1
| #define HAVE_STDLIB_H 1
| #define HAVE_MALLOC 1
| #define HAVE_STDLIB_H 1
| #define HAVE_REALLOC 1
| #define HAVE_STRFTIME 1
| #define HAVE_BZERO 1
| #define HAVE_FTRUNCATE 1
| #define HAVE_GETHOSTNAME 1
| #define HAVE_REGCOMP 1
| #define HAVE_STRCASECMP 1
| #define HAVE_STRERROR 1
| #define HAVE_STRRCHR 1
| #define HAVE_STRSTR 1
| #define HAVE_LIBCRYPTO 1
| #define HAVE_LIBDL 1
| #define HAVE_LIBEXPAT 1
| #define HAVE_LIBM 1
| #define HAVE_LIBPCRE 1
| #define HAVE_LIBSSL 1
| #define HAVE_LIBZ 1
| #define HAVE_LIBMAGIC 1
| /* end confdefs.h.  */
| 
| /* Override any GCC internal prototype to avoid an error.
|    Use char because int might match the return type of a GCC
|    builtin and then its argument prototype would still apply.  */
| #ifdef __cplusplus
| extern "C"
| #endif
| char zip_open ();
| int
| main ()
| {
| return zip_open ();
|   ;
|   return 0;
| }
configure:9118: result: no
configure:9128: WARNING: Cannot locate zip; Scanning zip files disabled
configure:9142: checking zip.h usability
configure:9159: gcc -c -g -O2  conftest.c >&5
conftest.c:90:17: error: zip.h: No such file or directory
configure:9166: $? = 1
configure: failed program was:
| /* confdefs.h.  */
| #define PACKAGE_NAME "spider-engine"
| #define PACKAGE_TARNAME "spider-engine"
| #define PACKAGE_VERSION "1.1.2"
| #define PACKAGE_STRING "spider-engine 1.1.2"
| #define PACKAGE_BUGREPORT "nock@email.arizona.edu"
| #define PACKAGE "spider-engine"
| #define VERSION "1.1.2"
| #define HAVE_DIRENT_H 1
| #define STDC_HEADERS 1
| #define HAVE_SYS_WAIT_H 1
| #define HAVE_SYS_TYPES_H 1
| #define HAVE_SYS_STAT_H 1
| #define HAVE_STDLIB_H 1
| #define HAVE_STRING_H 1
| #define HAVE_MEMORY_H 1
| #define HAVE_STRINGS_H 1
| #define HAVE_INTTYPES_H 1
| #define HAVE_STDINT_H 1
| #define HAVE_UNISTD_H 1
| #define HAVE_FCNTL_H 1
| #define HAVE_STDLIB_H 1
| #define HAVE_STRING_H 1
| #define HAVE_STRINGS_H 1
| #define HAVE_SYS_FILE_H 1
| #define HAVE_SYS_TIME_H 1
| #define HAVE_SYSLOG_H 1
| #define HAVE_UNISTD_H 1
| #define HAVE_UTIME_H 1
| #define TIME_WITH_SYS_TIME 1
| #define HAVE__BOOL 1
| #define HAVE_STDBOOL_H 1
| #define LSTAT_FOLLOWS_SLASHED_SYMLINK 1
| #define LSTAT_FOLLOWS_SLASHED_SYMLINK 1
| #define HAVE_STDLIB_H 1
| #define HAVE_MALLOC 1
| #define HAVE_STDLIB_H 1
| #define HAVE_REALLOC 1
| #define HAVE_STRFTIME 1
| #define HAVE_BZERO 1
| #define HAVE_FTRUNCATE 1
| #define HAVE_GETHOSTNAME 1
| #define HAVE_REGCOMP 1
| #define HAVE_STRCASECMP 1
| #define HAVE_STRERROR 1
| #define HAVE_STRRCHR 1
| #define HAVE_STRSTR 1
| #define HAVE_LIBCRYPTO 1
| #define HAVE_LIBDL 1
| #define HAVE_LIBEXPAT 1
| #define HAVE_LIBM 1
| #define HAVE_LIBPCRE 1
| #define HAVE_LIBSSL 1
| #define HAVE_LIBZ 1
| #define HAVE_LIBMAGIC 1
| /* end confdefs.h.  */
| #include <stdio.h>
| #ifdef HAVE_SYS_TYPES_H
| # include <sys/types.h>
| #endif
| #ifdef HAVE_SYS_STAT_H
| # include <sys/stat.h>
| #endif
| #ifdef STDC_HEADERS
| # include <stdlib.h>
| # include <stddef.h>
| #else
| # ifdef HAVE_STDLIB_H
| #  include <stdlib.h>
| # endif
| #endif
| #ifdef HAVE_STRING_H
| # if !defined STDC_HEADERS && defined HAVE_MEMORY_H
| #  include <memory.h>
| # endif
| # include <string.h>
| #endif
| #ifdef HAVE_STRINGS_H
| # include <strings.h>
| #endif
| #ifdef HAVE_INTTYPES_H
| # include <inttypes.h>
| #endif
| #ifdef HAVE_STDINT_H
| # include <stdint.h>
| #endif
| #ifdef HAVE_UNISTD_H
| # include <unistd.h>
| #endif
| #include <zip.h>
configure:9180: result: no
configure:9184: checking zip.h presence
configure:9199: gcc -E  conftest.c
conftest.c:57:17: error: zip.h: No such file or directory
configure:9206: $? = 1
configure: failed program was:
| /* confdefs.h.  */
| #define PACKAGE_NAME "spider-engine"
| #define PACKAGE_TARNAME "spider-engine"
| #define PACKAGE_VERSION "1.1.2"
| #define PACKAGE_STRING "spider-engine 1.1.2"
| #define PACKAGE_BUGREPORT "nock@email.arizona.edu"
| #define PACKAGE "spider-engine"
| #define VERSION "1.1.2"
| #define HAVE_DIRENT_H 1
| #define STDC_HEADERS 1
| #define HAVE_SYS_WAIT_H 1
| #define HAVE_SYS_TYPES_H 1
| #define HAVE_SYS_STAT_H 1
| #define HAVE_STDLIB_H 1
| #define HAVE_STRING_H 1
| #define HAVE_MEMORY_H 1
| #define HAVE_STRINGS_H 1
| #define HAVE_INTTYPES_H 1
| #define HAVE_STDINT_H 1
| #define HAVE_UNISTD_H 1
| #define HAVE_FCNTL_H 1
| #define HAVE_STDLIB_H 1
| #define HAVE_STRING_H 1
| #define HAVE_STRINGS_H 1
| #define HAVE_SYS_FILE_H 1
| #define HAVE_SYS_TIME_H 1
| #define HAVE_SYSLOG_H 1
| #define HAVE_UNISTD_H 1
| #define HAVE_UTIME_H 1
| #define TIME_WITH_SYS_TIME 1
| #define HAVE__BOOL 1
| #define HAVE_STDBOOL_H 1
| #define LSTAT_FOLLOWS_SLASHED_SYMLINK 1
| #define LSTAT_FOLLOWS_SLASHED_SYMLINK 1
| #define HAVE_STDLIB_H 1
| #define HAVE_MALLOC 1
| #define HAVE_STDLIB_H 1
| #define HAVE_REALLOC 1
| #define HAVE_STRFTIME 1
| #define HAVE_BZERO 1
| #define HAVE_FTRUNCATE 1
| #define HAVE_GETHOSTNAME 1
| #define HAVE_REGCOMP 1
| #define HAVE_STRCASECMP 1
| #define HAVE_STRERROR 1
| #define HAVE_STRRCHR 1
| #define HAVE_STRSTR 1
| #define HAVE_LIBCRYPTO 1
| #define HAVE_LIBDL 1
| #define HAVE_LIBEXPAT 1
| #define HAVE_LIBM 1
| #define HAVE_LIBPCRE 1
| #define HAVE_LIBSSL 1
| #define HAVE_LIBZ 1
| #define HAVE_LIBMAGIC 1
| /* end confdefs.h.  */
| #include <zip.h>
configure:9220: result: no
configure:9253: checking for zip.h
configure:9260: result: no
configure:9267: WARNING: Cannot locate libzip headers
configure:9401: creating ./config.status

## ---------------------- ##
## Running config.status. ##
## ---------------------- ##

This file was extended by spider-engine config.status 1.1.2, which was
generated by GNU Autoconf 2.63.  Invocation command line was

  CONFIG_FILES    = 
  CONFIG_HEADERS  = 
  CONFIG_LINKS    = 
  CONFIG_COMMANDS = 
  $ ./config.status 

on njsvr1

config.status:809: creating Makefile
config.status:809: creating config.h
config.status:1031: config.h is unchanged
config.status:1083: executing depfiles commands

## ---------------- ##
## Cache variables. ##
## ---------------- ##

ac_cv_c_compiler_gnu=yes
ac_cv_c_const=yes
ac_cv_env_CC_set=
ac_cv_env_CC_value=
ac_cv_env_CFLAGS_set=
ac_cv_env_CFLAGS_value=
ac_cv_env_CPPFLAGS_set=
ac_cv_env_CPPFLAGS_value=
ac_cv_env_CPP_set=
ac_cv_env_CPP_value=
ac_cv_env_LDFLAGS_set=
ac_cv_env_LDFLAGS_value=
ac_cv_env_LIBS_set=
ac_cv_env_LIBS_value=
ac_cv_env_build_alias_set=
ac_cv_env_build_alias_value=
ac_cv_env_host_alias_set=
ac_cv_env_host_alias_value=
ac_cv_env_target_alias_set=
ac_cv_env_target_alias_value=
ac_cv_func_bzero=yes
ac_cv_func_closedir_void=no
ac_cv_func_ftruncate=yes
ac_cv_func_gethostname=yes
ac_cv_func_lstat_dereferences_slashed_symlink=yes
ac_cv_func_lstat_empty_string_bug=no
ac_cv_func_malloc_0_nonnull=yes
ac_cv_func_pow=no
ac_cv_func_realloc_0_nonnull=yes
ac_cv_func_regcomp=yes
ac_cv_func_stat_empty_string_bug=no
ac_cv_func_strcasecmp=yes
ac_cv_func_strerror=yes
ac_cv_func_strftime=yes
ac_cv_func_strrchr=yes
ac_cv_func_strstr=yes
ac_cv_header_bzlib_h=no
ac_cv_header_dirent_dirent_h=yes
ac_cv_header_fcntl_h=yes
ac_cv_header_inttypes_h=yes
ac_cv_header_magic_h=yes
ac_cv_header_memory_h=yes
ac_cv_header_stdbool_h=yes
ac_cv_header_stdc=yes
ac_cv_header_stdint_h=yes
ac_cv_header_stdlib_h=yes
ac_cv_header_string_h=yes
ac_cv_header_strings_h=yes
ac_cv_header_sys_file_h=yes
ac_cv_header_sys_stat_h=yes
ac_cv_header_sys_time_h=yes
ac_cv_header_sys_types_h=yes
ac_cv_header_sys_wait_h=yes
ac_cv_header_syslog_h=yes
ac_cv_header_time=yes
ac_cv_header_unistd_h=yes
ac_cv_header_utime_h=yes
ac_cv_header_zip_h=no
ac_cv_header_zlib_h=yes
ac_cv_header_zzip_h=no
ac_cv_lib_bz2_BZ2_bzopen=no
ac_cv_lib_crypto_SSLeay=yes
ac_cv_lib_dl_main=yes
ac_cv_lib_expat_XML_ParserReset=yes
ac_cv_lib_m_exp=yes
ac_cv_lib_magic_magic_file=yes
ac_cv_lib_pcre_pcre_config=yes
ac_cv_lib_ssl_main=yes
ac_cv_lib_z_gzopen=yes
ac_cv_lib_zip_zip_open=no
ac_cv_lib_zzip_zzip_dir_open=no
ac_cv_objext=o
ac_cv_path_EGREP='/bin/grep -E'
ac_cv_path_GREP=/bin/grep
ac_cv_path_install='/usr/bin/install -c'
ac_cv_path_mkdir=/bin/mkdir
ac_cv_prog_AWK=gawk
ac_cv_prog_CPP='gcc -E'
ac_cv_prog_ac_ct_CC=gcc
ac_cv_prog_cc_c89=
ac_cv_prog_cc_g=yes
ac_cv_prog_make_make_set=yes
ac_cv_search_opendir='none required'
ac_cv_struct_tm=time.h
ac_cv_type__Bool=yes
ac_cv_type_off_t=yes
ac_cv_type_pid_t=yes
ac_cv_type_size_t=yes
am_cv_CC_dependencies_compiler_type=gcc3

## ----------------- ##
## Output variables. ##
## ----------------- ##

ACLOCAL='${SHELL} /home/swilliam/spider_sql/multi-threaded/missing --run aclocal-1.11'
AMDEPBACKSLASH='\'
AMDEP_FALSE='#'
AMDEP_TRUE=''
AMTAR='${SHELL} /home/swilliam/spider_sql/multi-threaded/missing --run tar'
AUTOCONF='${SHELL} /home/swilliam/spider_sql/multi-threaded/missing --run autoconf'
AUTOHEADER='${SHELL} /home/swilliam/spider_sql/multi-threaded/missing --run autoheader'
AUTOMAKE='${SHELL} /home/swilliam/spider_sql/multi-threaded/missing --run automake-1.11'
AWK='gawk'
CC='gcc'
CCDEPMODE='depmode=gcc3'
CFLAGS='-g -O2'
CPP='gcc -E'
CPPFLAGS=''
CYGPATH_W='echo'
DEFS='-DHAVE_CONFIG_H'
DEPDIR='.deps'
ECHO_C=''
ECHO_N='-n'
ECHO_T=''
EGREP='/bin/grep -E'
EXEEXT=''
GREP='/bin/grep'
INSTALL_DATA='${INSTALL} -m 644'
INSTALL_PROGRAM='${INSTALL}'
INSTALL_SCRIPT='${INSTALL}'
INSTALL_STRIP_PROGRAM='$(install_sh) -c -s'
LDFLAGS=''
LIBOBJS=''
LIBS='-lmagic -lz -lssl -lpcre -lm -lexpat -ldl -lcrypto '
LTLIBOBJS=''
MAKEINFO='${SHELL} /home/swilliam/spider_sql/multi-threaded/missing --run makeinfo'
MKDIR_P='/bin/mkdir -p'
OBJEXT='o'
PACKAGE='spider-engine'
PACKAGE_BUGREPORT='nock@email.arizona.edu'
PACKAGE_NAME='spider-engine'
PACKAGE_STRING='spider-engine 1.1.2'
PACKAGE_TARNAME='spider-engine'
PACKAGE_VERSION='1.1.2'
PATH_SEPARATOR=':'
SET_MAKE=''
SHELL='/bin/sh'
STATIC=''
STRIP=''
VERSION='1.1.2'
ac_ct_CC='gcc'
am__EXEEXT_FALSE=''
am__EXEEXT_TRUE='#'
am__fastdepCC_FALSE='#'
am__fastdepCC_TRUE=''
am__include='include'
am__isrc=''
am__leading_dot='.'
am__quote=''
am__tar='${AMTAR} chof - "$$tardir"'
am__untar='${AMTAR} xf -'
bindir='${exec_prefix}/bin'
build_alias=''
datadir='${datarootdir}'
datarootdir='${prefix}/share'
docdir='${datarootdir}/doc/${PACKAGE_TARNAME}'
dvidir='${docdir}'
exec_prefix='${prefix}'
host_alias=''
htmldir='${docdir}'
includedir='${prefix}/include'
infodir='${datarootdir}/info'
install_sh='${SHELL} /home/swilliam/spider_sql/multi-threaded/install-sh'
libdir='${exec_prefix}/lib'
libexecdir='${exec_prefix}/libexec'
localedir='${datarootdir}/locale'
localstatedir='${prefix}/var'
mandir='${datarootdir}/man'
mkdir_p='/bin/mkdir -p'
oldincludedir='/usr/include'
pdfdir='${docdir}'
prefix='/usr/local'
program_transform_name='s,x,x,'
psdir='${docdir}'
sbindir='${exec_prefix}/sbin'
sharedstatedir='${prefix}/com'
sysconfdir='${prefix}/etc'
target_alias=''

## ----------- ##
## confdefs.h. ##
## ----------- ##

#define PACKAGE_NAME "spider-engine"
#define PACKAGE_TARNAME "spider-engine"
#define PACKAGE_VERSION "1.1.2"
#define PACKAGE_STRING "spider-engine 1.1.2"
#define PACKAGE_BUGREPORT "nock@email.arizona.edu"
#define PACKAGE "spider-engine"
#define VERSION "1.1.2"
#define HAVE_DIRENT_H 1
#define STDC_HEADERS 1
#define HAVE_SYS_WAIT_H 1
#define HAVE_SYS_TYPES_H 1
#define HAVE_SYS_STAT_H 1
#define HAVE_STDLIB_H 1
#define HAVE_STRING_H 1
#define HAVE_MEMORY_H 1
#define HAVE_STRINGS_H 1
#define HAVE_INTTYPES_H 1
#define HAVE_STDINT_H 1
#define HAVE_UNISTD_H 1
#define HAVE_FCNTL_H 1
#define HAVE_STDLIB_H 1
#define HAVE_STRING_H 1
#define HAVE_STRINGS_H 1
#define HAVE_SYS_FILE_H 1
#define HAVE_SYS_TIME_H 1
#define HAVE_SYSLOG_H 1
#define HAVE_UNISTD_H 1
#define HAVE_UTIME_H 1
#define TIME_WITH_SYS_TIME 1
#define HAVE__BOOL 1
#define HAVE_STDBOOL_H 1
#define LSTAT_FOLLOWS_SLASHED_SYMLINK 1
#define LSTAT_FOLLOWS_SLASHED_SYMLINK 1
#define HAVE_STDLIB_H 1
#define HAVE_MALLOC 1
#define HAVE_STDLIB_H 1
#define HAVE_REALLOC 1
#define HAVE_STRFTIME 1
#define HAVE_BZERO 1
#define HAVE_FTRUNCATE 1
#define HAVE_GETHOSTNAME 1
#define HAVE_REGCOMP 1
#define HAVE_STRCASECMP 1
#define HAVE_STRERROR 1
#define HAVE_STRRCHR 1
#define HAVE_STRSTR 1
#define HAVE_LIBCRYPTO 1
#define HAVE_LIBDL 1
#define HAVE_LIBEXPAT 1
#define HAVE_LIBM 1
#define HAVE_LIBPCRE 1
#define HAVE_LIBSSL 1
#define HAVE_LIBZ 1
#define HAVE_LIBMAGIC 1

configure: exit 0
